# JRE version: OpenJDK Runtime Environment (7.0_79-b14) (build 1.7.0_79-b14)
# Java VM: OpenJDK Server VM (24.79-b02 mixed mode linux-x86 )
Heap
 PSYoungGen      total 69888K, used 9211K [0x9db80000, 0xa2a80000, 0xb3100000)
  eden space 60672K, 0% used [0x9db80000,0x9db80000,0xa16c0000)
  from space 9216K, 99% used [0xa16c0000,0xa1fbeef8,0xa1fc0000)
  to   space 7424K, 0% used [0xa1fc0000,0xa1fc0000,0xa2700000)
 ParOldGen       total 24064K, used 24058K [0x73100000, 0x74880000, 0x9db80000)
  object space 24064K, 99% used [0x73100000,0x7487e9e0,0x74880000)
 PSPermGen       total 16384K, used 3929K [0x6b100000, 0x6c100000, 0x73100000)
  object space 16384K, 23% used [0x6b100000,0x6b4d6408,0x6c100000)
GC Heap History (10 events):
Event: 14.166 GC heap after
Heap after GC invocations=4 (full 0):
 PSYoungGen      total 17152K, used 1279K [0x9db80000, 0x9ed80000, 0xb3100000)
  eden space 15872K, 0% used [0x9db80000,0x9db80000,0x9eb00000)
  from space 1280K, 99% used [0x9ec40000,0x9ed7fcb8,0x9ed80000)
  to   space 1280K, 0% used [0x9eb00000,0x9eb00000,0x9ec40000)
 ParOldGen       total 20992K, used 5545K [0x73100000, 0x74580000, 0x9db80000)
  object space 20992K, 26% used [0x73100000,0x7366a760,0x74580000)
 PSPermGen       total 16384K, used 3840K [0x6b100000, 0x6c100000, 0x73100000)
  object space 16384K, 23% used [0x6b100000,0x6b4c01c8,0x6c100000)
}
Event: 15.416 GC heap before
{Heap before GC invocations=5 (full 0):
 PSYoungGen      total 17152K, used 17151K [0x9db80000, 0x9ed80000, 0xb3100000)
  eden space 15872K, 100% used [0x9db80000,0x9eb00000,0x9eb00000)
  from space 1280K, 99% used [0x9ec40000,0x9ed7fcb8,0x9ed80000)
  to   space 1280K, 0% used [0x9eb00000,0x9eb00000,0x9ec40000)
 ParOldGen       total 20992K, used 5545K [0x73100000, 0x74580000, 0x9db80000)
  object space 20992K, 26% used [0x73100000,0x7366a760,0x74580000)
 PSPermGen       total 16384K, used 3860K [0x6b100000, 0x6c100000, 0x73100000)
  object space 16384K, 23% used [0x6b100000,0x6b4c50b0,0x6c100000)
Event: 15.445 GC heap after
Heap after GC invocations=5 (full 0):
 PSYoungGen      total 17152K, used 1279K [0x9db80000, 0xa0280000, 0xb3100000)
  eden space 15872K, 0% used [0x9db80000,0x9db80000,0x9eb00000)
  from space 1280K, 99% used [0x9eb00000,0x9ec3ff38,0x9ec40000)
  to   space 4096K, 0% used [0x9fe80000,0x9fe80000,0xa0280000)
 ParOldGen       total 20992K, used 8473K [0x73100000, 0x74580000, 0x9db80000)
  object space 20992K, 40% used [0x73100000,0x739465e0,0x74580000)
 PSPermGen       total 16384K, used 3860K [0x6b100000, 0x6c100000, 0x73100000)
  object space 16384K, 23% used [0x6b100000,0x6b4c50b0,0x6c100000)
}
Event: 16.596 GC heap before
{Heap before GC invocations=6 (full 0):
 PSYoungGen      total 17152K, used 17151K [0x9db80000, 0xa0280000, 0xb3100000)
  eden space 15872K, 100% used [0x9db80000,0x9eb00000,0x9eb00000)
  from space 1280K, 99% used [0x9eb00000,0x9ec3ff38,0x9ec40000)
  to   space 4096K, 0% used [0x9fe80000,0x9fe80000,0xa0280000)
 ParOldGen       total 20992K, used 8473K [0x73100000, 0x74580000, 0x9db80000)
  object space 20992K, 40% used [0x73100000,0x739465e0,0x74580000)
 PSPermGen       total 16384K, used 3876K [0x6b100000, 0x6c100000, 0x73100000)
  object space 16384K, 23% used [0x6b100000,0x6b4c9030,0x6c100000)
Event: 16.663 GC heap after
Heap after GC invocations=6 (full 0):
 PSYoungGen      total 35328K, used 4088K [0x9db80000, 0xa0380000, 0xb3100000)
  eden space 31232K, 0% used [0x9db80000,0x9db80000,0x9fa00000)
  from space 4096K, 99% used [0x9fe80000,0xa027e348,0xa0280000)
  to   space 4608K, 0% used [0x9fa00000,0x9fa00000,0x9fe80000)
 ParOldGen       total 20992K, used 8654K [0x73100000, 0x74580000, 0x9db80000)
  object space 20992K, 41% used [0x73100000,0x73973878,0x74580000)
 PSPermGen       total 16384K, used 3876K [0x6b100000, 0x6c100000, 0x73100000)
  object space 16384K, 23% used [0x6b100000,0x6b4c9030,0x6c100000)
}
Event: 19.329 GC heap before
{Heap before GC invocations=7 (full 0):
 PSYoungGen      total 35328K, used 35320K [0x9db80000, 0xa0380000, 0xb3100000)
  eden space 31232K, 100% used [0x9db80000,0x9fa00000,0x9fa00000)
  from space 4096K, 99% used [0x9fe80000,0xa027e348,0xa0280000)
  to   space 4608K, 0% used [0x9fa00000,0x9fa00000,0x9fe80000)
 ParOldGen       total 20992K, used 8654K [0x73100000, 0x74580000, 0x9db80000)
  object space 20992K, 41% used [0x73100000,0x73973878,0x74580000)
 PSPermGen       total 16384K, used 3895K [0x6b100000, 0x6c100000, 0x73100000)
  object space 16384K, 23% used [0x6b100000,0x6b4cdd50,0x6c100000)
Event: 19.471 GC heap after
Heap after GC invocations=7 (full 0):
 PSYoungGen      total 35840K, used 4597K [0x9db80000, 0xa2700000, 0xb3100000)
  eden space 31232K, 0% used [0x9db80000,0x9db80000,0x9fa00000)
  from space 4608K, 99% used [0x9fa00000,0x9fe7d460,0x9fe80000)
  to   space 7424K, 0% used [0xa1fc0000,0xa1fc0000,0xa2700000)
 ParOldGen       total 20992K, used 13393K [0x73100000, 0x74580000, 0x9db80000)
  object space 20992K, 63% used [0x73100000,0x73e14528,0x74580000)
 PSPermGen       total 16384K, used 3895K [0x6b100000, 0x6c100000, 0x73100000)
  object space 16384K, 23% used [0x6b100000,0x6b4cdd50,0x6c100000)
}
Event: 21.609 GC heap before
{Heap before GC invocations=8 (full 0):
 PSYoungGen      total 35840K, used 35829K [0x9db80000, 0xa2700000, 0xb3100000)
  eden space 31232K, 100% used [0x9db80000,0x9fa00000,0x9fa00000)
  from space 4608K, 99% used [0x9fa00000,0x9fe7d460,0x9fe80000)
  to   space 7424K, 0% used [0xa1fc0000,0xa1fc0000,0xa2700000)
 ParOldGen       total 20992K, used 13393K [0x73100000, 0x74580000, 0x9db80000)
  object space 20992K, 63% used [0x73100000,0x73e14528,0x74580000)
 PSPermGen       total 16384K, used 3913K [0x6b100000, 0x6c100000, 0x73100000)
  object space 16384K, 23% used [0x6b100000,0x6b4d2790,0x6c100000)
Event: 21.733 GC heap after
Heap after GC invocations=8 (full 0):
 PSYoungGen      total 68096K, used 7422K [0x9db80000, 0xa2a80000, 0xb3100000)
  eden space 60672K, 0% used [0x9db80000,0x9db80000,0xa16c0000)
  from space 7424K, 99% used [0xa1fc0000,0xa26ff920,0xa2700000)
  to   space 9216K, 0% used [0xa16c0000,0xa16c0000,0xa1fc0000)
 ParOldGen       total 20992K, used 15153K [0x73100000, 0x74580000, 0x9db80000)
  object space 20992K, 72% used [0x73100000,0x73fcc738,0x74580000)
 PSPermGen       total 16384K, used 3913K [0x6b100000, 0x6c100000, 0x73100000)
  object space 16384K, 23% used [0x6b100000,0x6b4d2790,0x6c100000)
}
Event: 24.666 GC heap before
{Heap before GC invocations=9 (full 0):
 PSYoungGen      total 68096K, used 68094K [0x9db80000, 0xa2a80000, 0xb3100000)
  eden space 60672K, 100% used [0x9db80000,0xa16c0000,0xa16c0000)
  from space 7424K, 99% used [0xa1fc0000,0xa26ff920,0xa2700000)
  to   space 9216K, 0% used [0xa16c0000,0xa16c0000,0xa1fc0000)
 ParOldGen       total 20992K, used 15153K [0x73100000, 0x74580000, 0x9db80000)
  object space 20992K, 72% used [0x73100000,0x73fcc738,0x74580000)
 PSPermGen       total 16384K, used 3929K [0x6b100000, 0x6c100000, 0x73100000)
  object space 16384K, 23% used [0x6b100000,0x6b4d6408,0x6c100000)

