# JRE version: OpenJDK Runtime Environment (7.0_79-b14) (build 1.7.0_79-b14)
# Java VM: OpenJDK Server VM (24.79-b02 mixed mode linux-x86 )
Heap
 PSYoungGen      total 35840K, used 4605K [0x9dbc0000, 0xa03c0000, 0xb3140000)
  eden space 31232K, 0% used [0x9dbc0000,0x9dbc0000,0x9fa40000)
  from space 4608K, 99% used [0x9fa40000,0x9febf6f8,0x9fec0000)
  to   space 4096K, 0% used [0x9fec0000,0x9fec0000,0xa02c0000)
 ParOldGen       total 20992K, used 13415K [0x73140000, 0x745c0000, 0x9dbc0000)
  object space 20992K, 63% used [0x73140000,0x73e59db8,0x745c0000)
 PSPermGen       total 16384K, used 3895K [0x6b140000, 0x6c140000, 0x73140000)
  object space 16384K, 23% used [0x6b140000,0x6b50dc50,0x6c140000)
GC Heap History (10 events):
Event: 43.896 GC heap after
Heap after GC invocations=2 (full 0):
 PSYoungGen      total 9216K, used 1266K [0x9dbc0000, 0x9edc0000, 0xb3140000)
  eden space 7936K, 0% used [0x9dbc0000,0x9dbc0000,0x9e380000)
  from space 1280K, 98% used [0x9e4c0000,0x9e5fcae0,0x9e600000)
  to   space 1280K, 0% used [0x9e380000,0x9e380000,0x9e4c0000)
 ParOldGen       total 20992K, used 2650K [0x73140000, 0x745c0000, 0x9dbc0000)
  object space 20992K, 12% used [0x73140000,0x733d6908,0x745c0000)
 PSPermGen       total 16384K, used 3731K [0x6b140000, 0x6c140000, 0x73140000)
  object space 16384K, 22% used [0x6b140000,0x6b4e4c28,0x6c140000)
}
Event: 44.699 GC heap before
{Heap before GC invocations=3 (full 0):
 PSYoungGen      total 9216K, used 9202K [0x9dbc0000, 0x9edc0000, 0xb3140000)
  eden space 7936K, 100% used [0x9dbc0000,0x9e380000,0x9e380000)
  from space 1280K, 98% used [0x9e4c0000,0x9e5fcae0,0x9e600000)
  to   space 1280K, 0% used [0x9e380000,0x9e380000,0x9e4c0000)
 ParOldGen       total 20992K, used 2650K [0x73140000, 0x745c0000, 0x9dbc0000)
  object space 20992K, 12% used [0x73140000,0x733d6908,0x745c0000)
 PSPermGen       total 16384K, used 3813K [0x6b140000, 0x6c140000, 0x73140000)
  object space 16384K, 23% used [0x6b140000,0x6b4f97f0,0x6c140000)
Event: 44.719 GC heap after
Heap after GC invocations=3 (full 0):
 PSYoungGen      total 9216K, used 1279K [0x9dbc0000, 0x9edc0000, 0xb3140000)
  eden space 7936K, 0% used [0x9dbc0000,0x9dbc0000,0x9e380000)
  from space 1280K, 99% used [0x9e380000,0x9e4bfca8,0x9e4c0000)
  to   space 1280K, 0% used [0x9ec80000,0x9ec80000,0x9edc0000)
 ParOldGen       total 20992K, used 3997K [0x73140000, 0x745c0000, 0x9dbc0000)
  object space 20992K, 19% used [0x73140000,0x73527798,0x745c0000)
 PSPermGen       total 16384K, used 3813K [0x6b140000, 0x6c140000, 0x73140000)
  object space 16384K, 23% used [0x6b140000,0x6b4f97f0,0x6c140000)
}
Event: 45.914 GC heap before
{Heap before GC invocations=4 (full 0):
 PSYoungGen      total 9216K, used 9215K [0x9dbc0000, 0x9edc0000, 0xb3140000)
  eden space 7936K, 100% used [0x9dbc0000,0x9e380000,0x9e380000)
  from space 1280K, 99% used [0x9e380000,0x9e4bfca8,0x9e4c0000)
  to   space 1280K, 0% used [0x9ec80000,0x9ec80000,0x9edc0000)
 ParOldGen       total 20992K, used 3997K [0x73140000, 0x745c0000, 0x9dbc0000)
  object space 20992K, 19% used [0x73140000,0x73527798,0x745c0000)
 PSPermGen       total 16384K, used 3838K [0x6b140000, 0x6c140000, 0x73140000)
  object space 16384K, 23% used [0x6b140000,0x6b4ffbf8,0x6c140000)
Event: 45.942 GC heap after
Heap after GC invocations=4 (full 0):
 PSYoungGen      total 17152K, used 1279K [0x9dbc0000, 0x9edc0000, 0xb3140000)
  eden space 15872K, 0% used [0x9dbc0000,0x9dbc0000,0x9eb40000)
  from space 1280K, 99% used [0x9ec80000,0x9edbfc98,0x9edc0000)
  to   space 1280K, 0% used [0x9eb40000,0x9eb40000,0x9ec80000)
 ParOldGen       total 20992K, used 5563K [0x73140000, 0x745c0000, 0x9dbc0000)
  object space 20992K, 26% used [0x73140000,0x736aed40,0x745c0000)
 PSPermGen       total 16384K, used 3838K [0x6b140000, 0x6c140000, 0x73140000)
  object space 16384K, 23% used [0x6b140000,0x6b4ffbf8,0x6c140000)
}
Event: 47.165 GC heap before
{Heap before GC invocations=5 (full 0):
 PSYoungGen      total 17152K, used 17151K [0x9dbc0000, 0x9edc0000, 0xb3140000)
  eden space 15872K, 100% used [0x9dbc0000,0x9eb40000,0x9eb40000)
  from space 1280K, 99% used [0x9ec80000,0x9edbfc98,0x9edc0000)
  to   space 1280K, 0% used [0x9eb40000,0x9eb40000,0x9ec80000)
 ParOldGen       total 20992K, used 5563K [0x73140000, 0x745c0000, 0x9dbc0000)
  object space 20992K, 26% used [0x73140000,0x736aed40,0x745c0000)
 PSPermGen       total 16384K, used 3860K [0x6b140000, 0x6c140000, 0x73140000)
  object space 16384K, 23% used [0x6b140000,0x6b505390,0x6c140000)
Event: 47.224 GC heap after
Heap after GC invocations=5 (full 0):
 PSYoungGen      total 17152K, used 1271K [0x9dbc0000, 0xa02c0000, 0xb3140000)
  eden space 15872K, 0% used [0x9dbc0000,0x9dbc0000,0x9eb40000)
  from space 1280K, 99% used [0x9eb40000,0x9ec7df28,0x9ec80000)
  to   space 4096K, 0% used [0x9fec0000,0x9fec0000,0xa02c0000)
 ParOldGen       total 20992K, used 8496K [0x73140000, 0x745c0000, 0x9dbc0000)
  object space 20992K, 40% used [0x73140000,0x7398c268,0x745c0000)
 PSPermGen       total 16384K, used 3860K [0x6b140000, 0x6c140000, 0x73140000)
  object space 16384K, 23% used [0x6b140000,0x6b505390,0x6c140000)
}
Event: 47.857 GC heap before
{Heap before GC invocations=6 (full 0):
 PSYoungGen      total 17152K, used 17143K [0x9dbc0000, 0xa02c0000, 0xb3140000)
  eden space 15872K, 100% used [0x9dbc0000,0x9eb40000,0x9eb40000)
  from space 1280K, 99% used [0x9eb40000,0x9ec7df28,0x9ec80000)
  to   space 4096K, 0% used [0x9fec0000,0x9fec0000,0xa02c0000)
 ParOldGen       total 20992K, used 8496K [0x73140000, 0x745c0000, 0x9dbc0000)
  object space 20992K, 40% used [0x73140000,0x7398c268,0x745c0000)
 PSPermGen       total 16384K, used 3876K [0x6b140000, 0x6c140000, 0x73140000)
  object space 16384K, 23% used [0x6b140000,0x6b5092e8,0x6c140000)
Event: 47.955 GC heap after
Heap after GC invocations=6 (full 0):
 PSYoungGen      total 35328K, used 4088K [0x9dbc0000, 0xa03c0000, 0xb3140000)
  eden space 31232K, 0% used [0x9dbc0000,0x9dbc0000,0x9fa40000)
  from space 4096K, 99% used [0x9fec0000,0xa02be338,0xa02c0000)
  to   space 4608K, 0% used [0x9fa40000,0x9fa40000,0x9fec0000)
 ParOldGen       total 20992K, used 8633K [0x73140000, 0x745c0000, 0x9dbc0000)
  object space 20992K, 41% used [0x73140000,0x739ae500,0x745c0000)
 PSPermGen       total 16384K, used 3876K [0x6b140000, 0x6c140000, 0x73140000)
  object space 16384K, 23% used [0x6b140000,0x6b5092e8,0x6c140000)
}
Event: 50.733 GC heap before
{Heap before GC invocations=7 (full 0):
 PSYoungGen      total 35328K, used 35320K [0x9dbc0000, 0xa03c0000, 0xb3140000)
  eden space 31232K, 100% used [0x9dbc0000,0x9fa40000,0x9fa40000)
  from space 4096K, 99% used [0x9fec0000,0xa02be338,0xa02c0000)
  to   space 4608K, 0% used [0x9fa40000,0x9fa40000,0x9fec0000)
 ParOldGen       total 20992K, used 8633K [0x73140000, 0x745c0000, 0x9dbc0000)
  object space 20992K, 41% used [0x73140000,0x739ae500,0x745c0000)
 PSPermGen       total 16384K, used 3895K [0x6b140000, 0x6c140000, 0x73140000)
  object space 16384K, 23% used [0x6b140000,0x6b50dc50,0x6c140000)

